<?xml version="1.0" encoding="UTF-8"?>
<!-- Generated by org.testng.reporters.JUnitXMLReporter -->
<testsuite ignored="0" hostname="nty-h0z4etg3i9f" failures="1" tests="23" name="Surefire test" time="0.11" errors="0" timestamp="2024-09-24T16:11:48 CST">
  <testcase classname="com.challenge.easy.arrays.FindFirstPalindromeTest" name="firstPalindromeTest" time="0.007"/>
  <testcase classname="com.challenge.easy.arrays.FindWordsContainingCharacterTest" name="numIdenticalPairsTest" time="0.002"/>
  <testcase classname="com.challenge.easy.arrays.NumberOfGoodPairsTest" name="numIdenticalPairsTest" time="0.003"/>
  <testcase classname="com.challenge.easy.binarysearch.KthMissingNumberTest" name="findKthPositiveTest" time="0.002"/>
  <testcase classname="com.challenge.easy.dfs.TreeInorderTraversalTest" name="inorderTraversalTest1" time="0.0"/>
  <testcase classname="com.challenge.easy.dfs.TreeInorderTraversalTest" name="inorderTraversalTest2" time="0.0"/>
  <testcase classname="com.challenge.easy.dfs.TreeInorderTraversalTest" name="inorderTraversalTest3" time="0.0"/>
  <testcase classname="com.challenge.easy.dynamic.PascalTriangleTest" name="generateTest" time="0.0"/>
  <testcase classname="com.challenge.easy.hashtable.FirstUniqueCharTest" name="firstUniqCharTest" time="0.0"/>
  <testcase classname="com.challenge.easy.hashtable.UniqueNumberOfOccurrencesTest" name="uniqueOccurrencesTest" time="0.0"/>
  <testcase classname="com.challenge.easy.math.MissingNumberTest" name="missingNumberTest" time="0.0"/>
  <testcase classname="com.challenge.easy.math.PalindromeNumberTest" name="isPalindromeTest" time="0.0"/>
  <testcase classname="com.challenge.easy.math.RomanToIntegerTest" name="romanToIntTest" time="0.0"/>
  <testcase classname="com.challenge.easy.matrix.FlippingImageTest" name="flipAndInvertImageTest" time="0.0"/>
  <testcase classname="com.challenge.easy.matrix.MatrixDiagonalSumTest" name="diagonalSumTest" time="0.0"/>
  <testcase classname="com.challenge.easy.recursion.FibonacciNumberTest" name="fib" time="0.015"/>
  <testcase classname="com.challenge.easy.string.BalancedStringTest" name="balancedStringSplitTest" time="0.0"/>
  <testcase classname="com.challenge.easy.string.CheckSentenceIsPangramTest" name="checkIfPangramTest" time="0.0"/>
  <testcase classname="com.challenge.easy.string.DefangingIpAddressTest" name="defangIPaddrTest" time="0.007"/>
  <testcase classname="com.challenge.easy.string.JewelsAndStonesTest" name="numJewelsInStonesTest" time="0.0"/>
  <testcase classname="com.challenge.easy.string.ReverseWordsInStringIIITest" name="reverseWordsTest" time="0.0"/>
  <testcase classname="com.challenge.easy.string.SortingSentenceTest" name="sortSentenceTest" time="0.01"/>
  <testcase classname="com.challenge.easy.twopointer.ShortestDistanceToCharTest" name="shortestToCharTest" time="0.0">
    <failure type="java.lang.AssertionError" message="expected [true] but found [false]">
      <![CDATA[java.lang.AssertionError: expected [true] but found [false]
at com.challenge.easy.twopointer.ShortestDistanceToCharTest.shortestToCharTest(ShortestDistanceToCharTest.java:14)
at java.base/java.util.ArrayList.forEach(ArrayList.java:1511)
... Removed 36 stack frames]]>
    </failure>
  </testcase> <!-- shortestToCharTest -->
</testsuite> <!-- Surefire test -->
